

HI-TECH Software PIC LITE Macro Assembler V9.80 build 6738 
                                                                                               Tue Feb 20 15:29:38 2024

HI-TECH Software Omniscient Code Generator (Lite mode) build 6738
     1  0000                     opt subtitle "HI-TECH Software Omniscient Code Generator (Lite mode) build 6738"
     2                           
     3                           opt pagewidth 120
     4                           
     5                           	opt lm
     6                           
     7                           	processor	16F877A
     8                           clrc	macro
     9                           	bcf	3,0
    10  0000                     	endm
    11                           clrz	macro
    12                           	bcf	3,2
    13  0000                     	endm
    14                           setc	macro
    15                           	bsf	3,0
    16  0000                     	endm
    17                           setz	macro
    18                           	bsf	3,2
    19  0000                     	endm
    20                           skipc	macro
    21                           	btfss	3,0
    22  0000                     	endm
    23                           skipz	macro
    24                           	btfss	3,2
    25  0000                     	endm
    26                           skipnc	macro
    27                           	btfsc	3,0
    28  0000                     	endm
    29                           skipnz	macro
    30                           	btfsc	3,2
    31  0000                     	endm
    32  0000                     indf	equ	0
    33  0000                     indf0	equ	0
    34  0002                     pc	equ	2
    35  0002                     pcl	equ	2
    36  0003                     status	equ	3
    37  0004                     fsr	equ	4
    38  0004                     fsr0	equ	4
    39  0001                     c	equ	1
    40  0000                     z	equ	0
    41  000A                     pclath	equ	10
    42                           	FNROOT	_main
    43                           	global	_RA0
    44                           psect	maintext,global,class=CODE,delta=2
    45                           global __pmaintext
    46  07E9                     __pmaintext:
    47  0028                     _RA0	set	40
    48                           	global	_RA1
    49  0029                     _RA1	set	41
    50                           	global	_ADCON1
    51  009F                     _ADCON1	set	159
    52                           	global	_TRISA0
    53  0428                     _TRISA0	set	1064
    54                           	global	_TRISA1
    55  0429                     _TRISA1	set	1065
    56                           	file	"porta_digital_io.as"
    57                           	line	#
    58                           psect cinit,class=CODE,delta=2
    59                           global start_initialization
    60  07E5                     start_initialization:
    61                           
    62                           psect cinit,class=CODE,delta=2
    63                           global end_of_initialization
    64                           
    65                           ;End of C runtime variable initialization code
    66                           
    67  07E5                     end_of_initialization:
    68  07E5  0183               clrf status
    69  07E6  120A  118A  2FE9   ljmp _main	;jump to C main() function
    70                           psect	cstackCOMMON,class=COMMON,space=1
    71                           global __pcstackCOMMON
    72  0070                     __pcstackCOMMON:
    73                           	global	?_main
    74  0070                     ?_main:	; 0 bytes @ 0x0
    75                           	global	??_main
    76  0070                     ??_main:	; 0 bytes @ 0x0
    77  0070                     	ds	1
    78 ;;Data sizes: Strings 0, constant 0, data 0, bss 0, persistent 0 stack 0
    79 ;;Auto spaces:   Size  Autos    Used
    80 ;; COMMON          14      1       1
    81 ;; BANK0           80      0       0
    82 ;; BANK1           80      0       0
    83 ;; BANK3           96      0       0
    84 ;; BANK2           96      0       0
    85                           
    86 ;;
    87 ;; Pointer list with targets:
    88                           
    89                           
    90                           
    91 ;;
    92 ;; Critical Paths under _main in COMMON
    93 ;;
    94 ;;   None.
    95 ;;
    96 ;; Critical Paths under _main in BANK0
    97 ;;
    98 ;;   None.
    99 ;;
   100 ;; Critical Paths under _main in BANK1
   101 ;;
   102 ;;   None.
   103 ;;
   104 ;; Critical Paths under _main in BANK3
   105 ;;
   106 ;;   None.
   107 ;;
   108 ;; Critical Paths under _main in BANK2
   109 ;;
   110 ;;   None.
   111                           
   112 ;;
   113 ;;Main: autosize = 0, tempsize = 1, incstack = 0, save=0
   114 ;;
   115                           
   116 ;;
   117 ;;Call Graph Tables:
   118 ;;
   119 ;; ---------------------------------------------------------------------------------
   120 ;; (Depth) Function   	        Calls       Base Space   Used Autos Params    Refs
   121 ;; ---------------------------------------------------------------------------------
   122 ;; (0) _main                                                 1     1      0       0
   123 ;;                                              0 COMMON     1     1      0
   124 ;; ---------------------------------------------------------------------------------
   125 ;; Estimated maximum stack depth 0
   126 ;; ---------------------------------------------------------------------------------
   127                           
   128 ;; Call Graph Graphs:
   129                           
   130 ;; _main (ROOT)
   131 ;;
   132                           
   133 ;; Address spaces:
   134                           
   135 ;;Name               Size   Autos  Total    Cost      Usage
   136 ;;BITCOMMON            E      0       0       0        0.0%
   137 ;;EEDATA             100      0       0       0        0.0%
   138 ;;NULL                 0      0       0       0        0.0%
   139 ;;CODE                 0      0       0       0        0.0%
   140 ;;COMMON               E      1       1       1        7.1%
   141 ;;BITSFR0              0      0       0       1        0.0%
   142 ;;SFR0                 0      0       0       1        0.0%
   143 ;;BITSFR1              0      0       0       2        0.0%
   144 ;;SFR1                 0      0       0       2        0.0%
   145 ;;STACK                0      0       0       2        0.0%
   146 ;;ABS                  0      0       0       3        0.0%
   147 ;;BITBANK0            50      0       0       4        0.0%
   148 ;;BITSFR3              0      0       0       4        0.0%
   149 ;;SFR3                 0      0       0       4        0.0%
   150 ;;BANK0               50      0       0       5        0.0%
   151 ;;BITSFR2              0      0       0       5        0.0%
   152 ;;SFR2                 0      0       0       5        0.0%
   153 ;;BITBANK1            50      0       0       6        0.0%
   154 ;;BANK1               50      0       0       7        0.0%
   155 ;;BITBANK3            60      0       0       8        0.0%
   156 ;;BANK3               60      0       0       9        0.0%
   157 ;;BITBANK2            60      0       0      10        0.0%
   158 ;;BANK2               60      0       0      11        0.0%
   159 ;;DATA                 0      0       0      12        0.0%
   160                           
   161                           	global	_main
   162                           psect	maintext
   163                           
   164 ;; *************** function _main *****************
   165 ;; Defined at:
   166 ;;		line 4 in file "D:\Microchip\MY_PROJECTS\Port_a AS DIGITAL IO\CODE.c"
   167 ;; Parameters:    Size  Location     Type
   168 ;;		None
   169 ;; Auto vars:     Size  Location     Type
   170 ;;		None
   171 ;; Return value:  Size  Location     Type
   172 ;;		None               void
   173 ;; Registers used:
   174 ;;		wreg, status,2, status,0
   175 ;; Tracked objects:
   176 ;;		On entry : 17F/0
   177 ;;		On exit  : 0/0
   178 ;;		Unchanged: 0/0
   179 ;; Data sizes:     COMMON   BANK0   BANK1   BANK3   BANK2
   180 ;;      Params:         0       0       0       0       0
   181 ;;      Locals:         0       0       0       0       0
   182 ;;      Temps:          1       0       0       0       0
   183 ;;      Totals:         1       0       0       0       0
   184 ;;Total ram usage:        1 bytes
   185 ;; This function calls:
   186 ;;		Nothing
   187 ;; This function is called by:
   188 ;;		Startup code after reset
   189 ;; This function uses a non-reentrant model
   190 ;;
   191                           psect	maintext
   192                           	file	"D:\Microchip\MY_PROJECTS\Port_a AS DIGITAL IO\CODE.c"
   193                           	line	4
   194                           	global	__size_of_main
   195  0017                     	__size_of_main	equ	__end_of_main-_main
   196                           	
   197  07E9                     _main:	
   198                           	opt	stack 8
   199                           ; Regs used in _main: [wreg+status,2+status,0]
   200                           	line	5
   201                           	
   202  07E9                     l933:	
   203                           ;CODE.c: 5: ADCON1 |= 0b00000110;
   204  07E9  3006               	movlw	(06h)
   205  07EA  00F0               	movwf	(??_main+0)+0
   206  07EB  0870               	movf	(??_main+0)+0,w
   207  07EC  1683               	bsf	status, 5	;RP0=1, select bank1
   208  07ED  1303               	bcf	status, 6	;RP1=0, select bank1
   209  07EE  049F               	iorwf	(159)^080h,f	;volatile
   210                           	line	7
   211                           	
   212  07EF                     l935:	
   213                           ;CODE.c: 7: TRISA0 = 1;
   214  07EF  1405               	bsf	(1064/8)^080h,(1064)&7
   215                           	line	8
   216                           	
   217  07F0                     l937:	
   218                           ;CODE.c: 8: TRISA1 = 0;
   219  07F0  1085               	bcf	(1065/8)^080h,(1065)&7
   220  07F1  2FF2               	goto	l939
   221                           	line	10
   222                           ;CODE.c: 10: while(1)
   223                           	
   224  07F2                     l559:	
   225                           	line	12
   226                           	
   227  07F2                     l939:	
   228                           ;CODE.c: 11: {
   229                           ;CODE.c: 12: if(RA0 == 0)
   230  07F2  1283               	bcf	status, 5	;RP0=0, select bank0
   231  07F3  1805               	btfsc	(40/8),(40)&7
   232  07F4  2FF6               	goto	u11
   233  07F5  2FF7               	goto	u10
   234  07F6                     u11:
   235  07F6  2FF9               	goto	l560
   236  07F7                     u10:
   237                           	line	14
   238                           	
   239  07F7                     l941:	
   240                           ;CODE.c: 13: {
   241                           ;CODE.c: 14: RA1 = 1;
   242  07F7  1485               	bsf	(41/8),(41)&7
   243                           	line	15
   244                           ;CODE.c: 15: }
   245  07F8  2FF2               	goto	l939
   246                           	line	16
   247                           	
   248  07F9                     l560:	
   249                           	line	18
   250                           ;CODE.c: 16: else
   251                           ;CODE.c: 17: {
   252                           ;CODE.c: 18: RA1 = 0;
   253  07F9  1085               	bcf	(41/8),(41)&7
   254  07FA  2FF2               	goto	l939
   255                           	line	19
   256                           	
   257  07FB                     l561:	
   258  07FB  2FF2               	goto	l939
   259                           	line	20
   260                           	
   261  07FC                     l562:	
   262                           	line	10
   263  07FC  2FF2               	goto	l939
   264                           	
   265  07FD                     l563:	
   266                           	line	21
   267                           	
   268  07FD                     l564:	
   269                           	global	start
   270  07FD  120A  118A  2800   	ljmp	start
   271                           	opt stack 0
   272                           GLOBAL	__end_of_main
   273  0800                     	__end_of_main:
   274 ;; =============== function _main ends ============
   275                           
   276                           	signat	_main,88
   277                           psect	maintext
   278                           	global	btemp
   279  007E                     	btemp set 07Eh
   280                           
   281                           	DABS	1,126,2	;btemp
   282                           	global	wtemp0
   283  007E                     	wtemp0 set btemp


HI-TECH Software PICC Macro Assembler V9.80 build 6738 
Symbol Table                                                                                   Tue Feb 20 15:29:38 2024

                  u10 07F7                    u11 07F6                   l560 07F9                   l561 07FB  
                 l562 07FC                   l563 07FD                   l564 07FD                   l559 07F2  
                 l941 07F7                   l933 07E9                   l935 07EF                   l937 07F0  
                 l939 07F2                   _RA0 0028                   _RA1 0029                  _main 07E9  
                btemp 007E                  start 0000                 ?_main 0070                 status 0003  
               wtemp0 007E          __end_of_main 0800                ??_main 0070                _ADCON1 009F  
              _TRISA0 0428                _TRISA1 0429        __pcstackCOMMON 0070            __pmaintext 07E9  
end_of_initialization 07E5   start_initialization 07E5         __size_of_main 0017  
