

HI-TECH Software PIC LITE Macro Assembler V9.80 build 6738 
                                                                                               Fri Feb 23 15:45:04 2024

HI-TECH Software Omniscient Code Generator (Lite mode) build 6738
     1  0000                     opt subtitle "HI-TECH Software Omniscient Code Generator (Lite mode) build 6738"
     2                           
     3                           opt pagewidth 120
     4                           
     5                           	opt lm
     6                           
     7                           	processor	16F877A
     8                           clrc	macro
     9                           	bcf	3,0
    10  0000                     	endm
    11                           clrz	macro
    12                           	bcf	3,2
    13  0000                     	endm
    14                           setc	macro
    15                           	bsf	3,0
    16  0000                     	endm
    17                           setz	macro
    18                           	bsf	3,2
    19  0000                     	endm
    20                           skipc	macro
    21                           	btfss	3,0
    22  0000                     	endm
    23                           skipz	macro
    24                           	btfss	3,2
    25  0000                     	endm
    26                           skipnc	macro
    27                           	btfsc	3,0
    28  0000                     	endm
    29                           skipnz	macro
    30                           	btfsc	3,2
    31  0000                     	endm
    32  0000                     indf	equ	0
    33  0000                     indf0	equ	0
    34  0002                     pc	equ	2
    35  0002                     pcl	equ	2
    36  0003                     status	equ	3
    37  0004                     fsr	equ	4
    38  0004                     fsr0	equ	4
    39  0001                     c	equ	1
    40  0000                     z	equ	0
    41  000A                     pclath	equ	10
    42                           	FNCALL	_main,_init
    43                           	FNCALL	_main,_lcd_cmd
    44                           	FNCALL	_main,_lcd_string
    45                           	FNCALL	_main,_keypad
    46                           	FNCALL	_keypad,_lcd_data
    47                           	FNCALL	_init,_lcd_cmd
    48                           	FNCALL	_lcd_string,_lcd_data
    49                           	FNROOT	_main
    50                           	global	_PORTB
    51                           psect	text96,local,class=CODE,delta=2
    52                           global __ptext96
    53  0000                     __ptext96:
    54  0006                     _PORTB	set	6
    55                           	global	_PORTD
    56  0008                     _PORTD	set	8
    57                           	global	_RC0
    58  0038                     _RC0	set	56
    59                           	global	_RC1
    60  0039                     _RC1	set	57
    61                           	global	_RC2
    62  003A                     _RC2	set	58
    63                           	global	_RC4
    64  003C                     _RC4	set	60
    65                           	global	_RC5
    66  003D                     _RC5	set	61
    67                           	global	_RC6
    68  003E                     _RC6	set	62
    69                           	global	_RC7
    70  003F                     _RC7	set	63
    71                           	global	_RD0
    72  0040                     _RD0	set	64
    73                           	global	_RD1
    74  0041                     _RD1	set	65
    75                           	global	_RD2
    76  0042                     _RD2	set	66
    77                           	global	_TRISB
    78  0086                     _TRISB	set	134
    79                           	global	_TRISC
    80  0087                     _TRISC	set	135
    81                           	global	_TRISD0
    82  0440                     _TRISD0	set	1088
    83                           	global	_TRISD1
    84  0441                     _TRISD1	set	1089
    85                           	global	_TRISD2
    86  0442                     _TRISD2	set	1090
    87                           psect	strings,class=STRING,delta=2
    88                           global __pstrings
    89  0003                     __pstrings:
    90                           ;	global	stringdir,stringtab,__stringbase
    91  0003                     stringtab:
    92                           ;	String table - string pointers are 1 byte each
    93  0003                     stringcode:stringdir:
      + 0003                     stringdir:	
    94  0003  3000               movlw high(stringdir)
    95  0004  008A               movwf pclath
    96  0005  0804               movf fsr,w
    97  0006  0A84               incf fsr
    98  0007  0782               	addwf pc
    99  0008                     __stringbase:
   100  0008  3400               	retlw	0
   101                           psect	strings
   102                           	
   103  0009                     STR_1:	
   104  0009  344B               	retlw	75	;'K'
   105  000A  3445               	retlw	69	;'E'
   106  000B  3459               	retlw	89	;'Y'
   107  000C  3450               	retlw	80	;'P'
   108  000D  3441               	retlw	65	;'A'
   109  000E  3444               	retlw	68	;'D'
   110  000F  3420               	retlw	32	;' '
   111  0010  3449               	retlw	73	;'I'
   112  0011  344E               	retlw	78	;'N'
   113  0012  3450               	retlw	80	;'P'
   114  0013  3455               	retlw	85	;'U'
   115  0014  3454               	retlw	84	;'T'
   116  0015  3400               	retlw	0
   117                           psect	strings
   118                           	file	"Keypad_disp.as"
   119                           	line	#
   120                           psect cinit,class=CODE,delta=2
   121                           global start_initialization
   122  0682                     start_initialization:
   123                           
   124                           psect cinit,class=CODE,delta=2
   125                           global end_of_initialization
   126                           
   127                           ;End of C runtime variable initialization code
   128                           
   129  0682                     end_of_initialization:
   130  0682  0183               clrf status
   131  0683  120A  118A  2EE8   ljmp _main	;jump to C main() function
   132                           psect	cstackCOMMON,class=COMMON,space=1
   133                           global __pcstackCOMMON
   134  0070                     __pcstackCOMMON:
   135                           	global	?_lcd_data
   136  0070                     ?_lcd_data:	; 0 bytes @ 0x0
   137                           	global	??_lcd_data
   138  0070                     ??_lcd_data:	; 0 bytes @ 0x0
   139                           	global	?_lcd_cmd
   140  0070                     ?_lcd_cmd:	; 0 bytes @ 0x0
   141                           	global	??_lcd_cmd
   142  0070                     ??_lcd_cmd:	; 0 bytes @ 0x0
   143                           	global	?_init
   144  0070                     ?_init:	; 0 bytes @ 0x0
   145                           	global	?_keypad
   146  0070                     ?_keypad:	; 0 bytes @ 0x0
   147                           	global	?_main
   148  0070                     ?_main:	; 0 bytes @ 0x0
   149  0070                     	ds	2
   150                           	global	lcd_data@data
   151  0072                     lcd_data@data:	; 1 bytes @ 0x2
   152                           	global	lcd_cmd@cmd
   153  0072                     lcd_cmd@cmd:	; 1 bytes @ 0x2
   154  0072                     	ds	1
   155                           	global	?_lcd_string
   156  0073                     ?_lcd_string:	; 0 bytes @ 0x3
   157                           	global	??_init
   158  0073                     ??_init:	; 0 bytes @ 0x3
   159                           	global	??_keypad
   160  0073                     ??_keypad:	; 0 bytes @ 0x3
   161                           	global	lcd_string@length
   162  0073                     lcd_string@length:	; 1 bytes @ 0x3
   163  0073                     	ds	1
   164                           	global	??_lcd_string
   165  0074                     ??_lcd_string:	; 0 bytes @ 0x4
   166  0074                     	ds	1
   167                           	global	lcd_string@string
   168  0075                     lcd_string@string:	; 1 bytes @ 0x5
   169  0075                     	ds	1
   170                           	global	lcd_string@i
   171  0076                     lcd_string@i:	; 1 bytes @ 0x6
   172  0076                     	ds	1
   173                           	global	??_main
   174  0077                     ??_main:	; 0 bytes @ 0x7
   175  0077                     	ds	1
   176 ;;Data sizes: Strings 13, constant 0, data 0, bss 0, persistent 0 stack 0
   177 ;;Auto spaces:   Size  Autos    Used
   178 ;; COMMON          14      8       8
   179 ;; BANK0           80      0       0
   180 ;; BANK1           80      0       0
   181 ;; BANK3           96      0       0
   182 ;; BANK2           96      0       0
   183                           
   184 ;;
   185 ;; Pointer list with targets:
   186                           
   187 ;; lcd_string@string	PTR const unsigned char  size(1) Largest target is 13
   188 ;;		 -> STR_1(CODE[13]), 
   189 ;;
   190                           
   191                           
   192 ;;
   193 ;; Critical Paths under _main in COMMON
   194 ;;
   195 ;;   _main->_lcd_string
   196 ;;   _keypad->_lcd_data
   197 ;;   _init->_lcd_cmd
   198 ;;   _lcd_string->_lcd_data
   199 ;;
   200 ;; Critical Paths under _main in BANK0
   201 ;;
   202 ;;   None.
   203 ;;
   204 ;; Critical Paths under _main in BANK1
   205 ;;
   206 ;;   None.
   207 ;;
   208 ;; Critical Paths under _main in BANK3
   209 ;;
   210 ;;   None.
   211 ;;
   212 ;; Critical Paths under _main in BANK2
   213 ;;
   214 ;;   None.
   215                           
   216 ;;
   217 ;;Main: autosize = 0, tempsize = 1, incstack = 0, save=0
   218 ;;
   219                           
   220 ;;
   221 ;;Call Graph Tables:
   222 ;;
   223 ;; ---------------------------------------------------------------------------------
   224 ;; (Depth) Function   	        Calls       Base Space   Used Autos Params    Refs
   225 ;; ---------------------------------------------------------------------------------
   226 ;; (0) _main                                                 1     1      0     120
   227 ;;                                              7 COMMON     1     1      0
   228 ;;                               _init
   229 ;;                            _lcd_cmd
   230 ;;                         _lcd_string
   231 ;;                             _keypad
   232 ;; ---------------------------------------------------------------------------------
   233 ;; (1) _keypad                                               0     0      0      15
   234 ;;                           _lcd_data
   235 ;; ---------------------------------------------------------------------------------
   236 ;; (1) _init                                                 0     0      0      15
   237 ;;                            _lcd_cmd
   238 ;; ---------------------------------------------------------------------------------
   239 ;; (1) _lcd_string                                           4     3      1      75
   240 ;;                                              3 COMMON     4     3      1
   241 ;;                           _lcd_data
   242 ;; ---------------------------------------------------------------------------------
   243 ;; (1) _lcd_cmd                                              3     3      0      15
   244 ;;                                              0 COMMON     3     3      0
   245 ;; ---------------------------------------------------------------------------------
   246 ;; (2) _lcd_data                                             3     3      0      15
   247 ;;                                              0 COMMON     3     3      0
   248 ;; ---------------------------------------------------------------------------------
   249 ;; Estimated maximum stack depth 2
   250 ;; ---------------------------------------------------------------------------------
   251                           
   252 ;; Call Graph Graphs:
   253                           
   254 ;; _main (ROOT)
   255 ;;   _init
   256 ;;     _lcd_cmd
   257 ;;   _lcd_cmd
   258 ;;   _lcd_string
   259 ;;     _lcd_data
   260 ;;   _keypad
   261 ;;     _lcd_data
   262 ;;
   263                           
   264 ;; Address spaces:
   265                           
   266 ;;Name               Size   Autos  Total    Cost      Usage
   267 ;;BITCOMMON            E      0       0       0        0.0%
   268 ;;EEDATA             100      0       0       0        0.0%
   269 ;;NULL                 0      0       0       0        0.0%
   270 ;;CODE                 0      0       0       0        0.0%
   271 ;;COMMON               E      8       8       1       57.1%
   272 ;;BITSFR0              0      0       0       1        0.0%
   273 ;;SFR0                 0      0       0       1        0.0%
   274 ;;BITSFR1              0      0       0       2        0.0%
   275 ;;SFR1                 0      0       0       2        0.0%
   276 ;;STACK                0      0       2       2        0.0%
   277 ;;ABS                  0      0       0       3        0.0%
   278 ;;BITBANK0            50      0       0       4        0.0%
   279 ;;BITSFR3              0      0       0       4        0.0%
   280 ;;SFR3                 0      0       0       4        0.0%
   281 ;;BANK0               50      0       0       5        0.0%
   282 ;;BITSFR2              0      0       0       5        0.0%
   283 ;;SFR2                 0      0       0       5        0.0%
   284 ;;BITBANK1            50      0       0       6        0.0%
   285 ;;BANK1               50      0       0       7        0.0%
   286 ;;BITBANK3            60      0       0       8        0.0%
   287 ;;BANK3               60      0       0       9        0.0%
   288 ;;BITBANK2            60      0       0      10        0.0%
   289 ;;BANK2               60      0       0      11        0.0%
   290 ;;DATA                 0      0       0      12        0.0%
   291                           
   292                           	global	_main
   293                           psect	maintext,global,class=CODE,delta=2
   294                           global __pmaintext
   295  06E8                     __pmaintext:
   296                           
   297 ;; *************** function _main *****************
   298 ;; Defined at:
   299 ;;		line 123 in file "D:\Microchip\MY_PROJECTS\Keypad_interfacing\KEYPAD.c"
   300 ;; Parameters:    Size  Location     Type
   301 ;;		None
   302 ;; Auto vars:     Size  Location     Type
   303 ;;		None
   304 ;; Return value:  Size  Location     Type
   305 ;;		None               void
   306 ;; Registers used:
   307 ;;		wreg, fsr0l, fsr0h, status,2, status,0, pclath, cstack
   308 ;; Tracked objects:
   309 ;;		On entry : 17F/0
   310 ;;		On exit  : 0/0
   311 ;;		Unchanged: 0/0
   312 ;; Data sizes:     COMMON   BANK0   BANK1   BANK3   BANK2
   313 ;;      Params:         0       0       0       0       0
   314 ;;      Locals:         0       0       0       0       0
   315 ;;      Temps:          1       0       0       0       0
   316 ;;      Totals:         1       0       0       0       0
   317 ;;Total ram usage:        1 bytes
   318 ;; Hardware stack levels required when called:    2
   319 ;; This function calls:
   320 ;;		_init
   321 ;;		_lcd_cmd
   322 ;;		_lcd_string
   323 ;;		_keypad
   324 ;; This function is called by:
   325 ;;		Startup code after reset
   326 ;; This function uses a non-reentrant model
   327 ;;
   328                           psect	maintext
   329                           	file	"D:\Microchip\MY_PROJECTS\Keypad_interfacing\KEYPAD.c"
   330                           	line	123
   331                           	global	__size_of_main
   332  0033                     	__size_of_main	equ	__end_of_main-_main
   333                           	
   334  06E8                     _main:	
   335                           	opt	stack 6
   336                           ; Regs used in _main: [wreg-fsr0h+status,2+status,0+pclath+cstack]
   337                           	line	124
   338                           	
   339  06E8                     l1845:	
   340                           ;KEYPAD.c: 124: TRISD0 = 0;
   341  06E8  1683               	bsf	status, 5	;RP0=1, select bank1
   342  06E9  1303               	bcf	status, 6	;RP1=0, select bank1
   343  06EA  1008               	bcf	(1088/8)^080h,(1088)&7
   344                           	line	125
   345                           ;KEYPAD.c: 125: TRISD1 = 0;
   346  06EB  1088               	bcf	(1089/8)^080h,(1089)&7
   347                           	line	126
   348                           ;KEYPAD.c: 126: TRISD2 = 0;
   349  06EC  1108               	bcf	(1090/8)^080h,(1090)&7
   350                           	line	127
   351                           	
   352  06ED                     l1847:	
   353                           ;KEYPAD.c: 127: PORTD = 0X00;
   354  06ED  1283               	bcf	status, 5	;RP0=0, select bank0
   355  06EE  1303               	bcf	status, 6	;RP1=0, select bank0
   356  06EF  0188               	clrf	(8)	;volatile
   357                           	line	128
   358                           ;KEYPAD.c: 128: TRISB = 0x00;
   359  06F0  1683               	bsf	status, 5	;RP0=1, select bank1
   360  06F1  1303               	bcf	status, 6	;RP1=0, select bank1
   361  06F2  0186               	clrf	(134)^080h	;volatile
   362                           	line	129
   363                           	
   364  06F3                     l1849:	
   365                           ;KEYPAD.c: 129: TRISC = 0XF0;
   366  06F3  30F0               	movlw	(0F0h)
   367  06F4  0087               	movwf	(135)^080h	;volatile
   368                           	line	130
   369                           	
   370  06F5                     l1851:	
   371                           ;KEYPAD.c: 130: init();
   372  06F5  120A  118A  26AE   	fcall	_init
              120A  118A         
   373                           	line	131
   374                           	
   375  06FA                     l1853:	
   376                           ;KEYPAD.c: 131: lcd_cmd(0x80);
   377  06FA  3080               	movlw	(080h)
   378  06FB  120A  118A  269A   	fcall	_lcd_cmd
              120A  118A         
   379                           	line	132
   380                           	
   381  0700                     l1855:	
   382                           ;KEYPAD.c: 132: lcd_string("KEYPAD INPUT",12);
   383  0700  300C               	movlw	(0Ch)
   384  0701  00F7               	movwf	(??_main+0)+0
   385  0702  0877               	movf	(??_main+0)+0,w
   386  0703  00F3               	movwf	(?_lcd_string)
   387  0704  3001               	movlw	((STR_1-__stringbase))&0ffh
   388  0705  120A  118A  26C7   	fcall	_lcd_string
              120A  118A         
   389                           	line	133
   390                           	
   391  070A                     l1857:	
   392                           ;KEYPAD.c: 133: lcd_cmd(0xC0);
   393  070A  30C0               	movlw	(0C0h)
   394  070B  120A  118A  269A   	fcall	_lcd_cmd
              120A  118A         
   395  0710  2F11               	goto	l1859
   396                           	line	135
   397                           ;KEYPAD.c: 135: while(1)
   398                           	
   399  0711                     l627:	
   400                           	line	137
   401                           	
   402  0711                     l1859:	
   403                           ;KEYPAD.c: 136: {
   404                           ;KEYPAD.c: 137: keypad();
   405  0711  120A  118A  271B   	fcall	_keypad
              120A  118A         
   406  0716  2F11               	goto	l1859
   407                           	line	140
   408                           	
   409  0717                     l628:	
   410                           	line	135
   411  0717  2F11               	goto	l1859
   412                           	
   413  0718                     l629:	
   414                           	line	141
   415                           	
   416  0718                     l630:	
   417                           	global	start
   418  0718  120A  118A  2800   	ljmp	start
   419                           	opt stack 0
   420                           GLOBAL	__end_of_main
   421  071B                     	__end_of_main:
   422 ;; =============== function _main ends ============
   423                           
   424                           	signat	_main,88
   425                           	global	_keypad
   426                           psect	text97,local,class=CODE,delta=2
   427                           global __ptext97
   428  071B                     __ptext97:
   429                           
   430 ;; *************** function _keypad *****************
   431 ;; Defined at:
   432 ;;		line 54 in file "D:\Microchip\MY_PROJECTS\Keypad_interfacing\KEYPAD.c"
   433 ;; Parameters:    Size  Location     Type
   434 ;;		None
   435 ;; Auto vars:     Size  Location     Type
   436 ;;		None
   437 ;; Return value:  Size  Location     Type
   438 ;;		None               void
   439 ;; Registers used:
   440 ;;		wreg, status,2, status,0, pclath, cstack
   441 ;; Tracked objects:
   442 ;;		On entry : 0/0
   443 ;;		On exit  : 0/0
   444 ;;		Unchanged: 0/0
   445 ;; Data sizes:     COMMON   BANK0   BANK1   BANK3   BANK2
   446 ;;      Params:         0       0       0       0       0
   447 ;;      Locals:         0       0       0       0       0
   448 ;;      Temps:          0       0       0       0       0
   449 ;;      Totals:         0       0       0       0       0
   450 ;;Total ram usage:        0 bytes
   451 ;; Hardware stack levels used:    1
   452 ;; Hardware stack levels required when called:    1
   453 ;; This function calls:
   454 ;;		_lcd_data
   455 ;; This function is called by:
   456 ;;		_main
   457 ;; This function uses a non-reentrant model
   458 ;;
   459                           psect	text97
   460                           	file	"D:\Microchip\MY_PROJECTS\Keypad_interfacing\KEYPAD.c"
   461                           	line	54
   462                           	global	__size_of_keypad
   463  00E5                     	__size_of_keypad	equ	__end_of_keypad-_keypad
   464                           	
   465  071B                     _keypad:	
   466                           	opt	stack 6
   467                           ; Regs used in _keypad: [wreg+status,2+status,0+pclath+cstack]
   468                           	line	55
   469                           	
   470  071B                     l1819:	
   471                           ;KEYPAD.c: 55: RD0=1;RD1=0;RD2=0;
   472  071B  1283               	bcf	status, 5	;RP0=0, select bank0
   473  071C  1303               	bcf	status, 6	;RP1=0, select bank0
   474  071D  1408               	bsf	(64/8),(64)&7
   475  071E  1088               	bcf	(65/8),(65)&7
   476  071F  1108               	bcf	(66/8),(66)&7
   477                           	line	56
   478                           ;KEYPAD.c: 56: if(RC4==1)
   479  0720  1E07               	btfss	(60/8),(60)&7
   480  0721  2F23               	goto	u2151
   481  0722  2F24               	goto	u2150
   482  0723                     u2151:
   483  0723  2F32               	goto	l576
   484  0724                     u2150:
   485                           	line	58
   486                           	
   487  0724                     l1821:	
   488                           ;KEYPAD.c: 57: {
   489                           ;KEYPAD.c: 58: lcd_data('1');
   490  0724  3031               	movlw	(031h)
   491  0725  120A  118A  2686   	fcall	_lcd_data
              120A  118A         
   492                           	line	59
   493                           ;KEYPAD.c: 59: while(RC4==1);
   494  072A  2F2B               	goto	l577
   495                           	
   496  072B                     l578:	
   497                           	
   498  072B                     l577:	
   499  072B  1283               	bcf	status, 5	;RP0=0, select bank0
   500  072C  1303               	bcf	status, 6	;RP1=0, select bank0
   501  072D  1A07               	btfsc	(60/8),(60)&7
   502  072E  2F30               	goto	u2161
   503  072F  2F31               	goto	u2160
   504  0730                     u2161:
   505  0730  2F2B               	goto	l577
   506  0731                     u2160:
   507  0731  2F32               	goto	l576
   508                           	
   509  0732                     l579:	
   510                           	line	60
   511                           	
   512  0732                     l576:	
   513                           	line	61
   514                           ;KEYPAD.c: 60: }
   515                           ;KEYPAD.c: 61: if(RC5==1)
   516  0732  1E87               	btfss	(61/8),(61)&7
   517  0733  2F35               	goto	u2171
   518  0734  2F36               	goto	u2170
   519  0735                     u2171:
   520  0735  2F44               	goto	l580
   521  0736                     u2170:
   522                           	line	63
   523                           	
   524  0736                     l1823:	
   525                           ;KEYPAD.c: 62: {
   526                           ;KEYPAD.c: 63: lcd_data('4');
   527  0736  3034               	movlw	(034h)
   528  0737  120A  118A  2686   	fcall	_lcd_data
              120A  118A         
   529                           	line	64
   530                           ;KEYPAD.c: 64: while(RC5==1);
   531  073C  2F3D               	goto	l581
   532                           	
   533  073D                     l582:	
   534                           	
   535  073D                     l581:	
   536  073D  1283               	bcf	status, 5	;RP0=0, select bank0
   537  073E  1303               	bcf	status, 6	;RP1=0, select bank0
   538  073F  1A87               	btfsc	(61/8),(61)&7
   539  0740  2F42               	goto	u2181
   540  0741  2F43               	goto	u2180
   541  0742                     u2181:
   542  0742  2F3D               	goto	l581
   543  0743                     u2180:
   544  0743  2F44               	goto	l580
   545                           	
   546  0744                     l583:	
   547                           	line	65
   548                           	
   549  0744                     l580:	
   550                           	line	66
   551                           ;KEYPAD.c: 65: }
   552                           ;KEYPAD.c: 66: if(RC6==1)
   553  0744  1F07               	btfss	(62/8),(62)&7
   554  0745  2F47               	goto	u2191
   555  0746  2F48               	goto	u2190
   556  0747                     u2191:
   557  0747  2F56               	goto	l584
   558  0748                     u2190:
   559                           	line	68
   560                           	
   561  0748                     l1825:	
   562                           ;KEYPAD.c: 67: {
   563                           ;KEYPAD.c: 68: lcd_data('7');
   564  0748  3037               	movlw	(037h)
   565  0749  120A  118A  2686   	fcall	_lcd_data
              120A  118A         
   566                           	line	69
   567                           ;KEYPAD.c: 69: while(RC6==1);
   568  074E  2F4F               	goto	l585
   569                           	
   570  074F                     l586:	
   571                           	
   572  074F                     l585:	
   573  074F  1283               	bcf	status, 5	;RP0=0, select bank0
   574  0750  1303               	bcf	status, 6	;RP1=0, select bank0
   575  0751  1B07               	btfsc	(62/8),(62)&7
   576  0752  2F54               	goto	u2201
   577  0753  2F55               	goto	u2200
   578  0754                     u2201:
   579  0754  2F4F               	goto	l585
   580  0755                     u2200:
   581  0755  2F56               	goto	l584
   582                           	
   583  0756                     l587:	
   584                           	line	70
   585                           	
   586  0756                     l584:	
   587                           	line	71
   588                           ;KEYPAD.c: 70: }
   589                           ;KEYPAD.c: 71: if(RC7==1)
   590  0756  1F87               	btfss	(63/8),(63)&7
   591  0757  2F59               	goto	u2211
   592  0758  2F5A               	goto	u2210
   593  0759                     u2211:
   594  0759  2F68               	goto	l588
   595  075A                     u2210:
   596                           	line	73
   597                           	
   598  075A                     l1827:	
   599                           ;KEYPAD.c: 72: {
   600                           ;KEYPAD.c: 73: lcd_data('*');
   601  075A  302A               	movlw	(02Ah)
   602  075B  120A  118A  2686   	fcall	_lcd_data
              120A  118A         
   603                           	line	74
   604                           ;KEYPAD.c: 74: while(RC7==1);
   605  0760  2F61               	goto	l589
   606                           	
   607  0761                     l590:	
   608                           	
   609  0761                     l589:	
   610  0761  1283               	bcf	status, 5	;RP0=0, select bank0
   611  0762  1303               	bcf	status, 6	;RP1=0, select bank0
   612  0763  1B87               	btfsc	(63/8),(63)&7
   613  0764  2F66               	goto	u2221
   614  0765  2F67               	goto	u2220
   615  0766                     u2221:
   616  0766  2F61               	goto	l589
   617  0767                     u2220:
   618  0767  2F68               	goto	l588
   619                           	
   620  0768                     l591:	
   621                           	line	75
   622                           	
   623  0768                     l588:	
   624                           	line	77
   625                           ;KEYPAD.c: 75: }
   626                           ;KEYPAD.c: 77: RD0=0;RD1=1;RD2=0;
   627  0768  1008               	bcf	(64/8),(64)&7
   628  0769  1488               	bsf	(65/8),(65)&7
   629  076A  1108               	bcf	(66/8),(66)&7
   630                           	line	78
   631                           ;KEYPAD.c: 78: if(RC4==1)
   632  076B  1E07               	btfss	(60/8),(60)&7
   633  076C  2F6E               	goto	u2231
   634  076D  2F6F               	goto	u2230
   635  076E                     u2231:
   636  076E  2F7D               	goto	l592
   637  076F                     u2230:
   638                           	line	80
   639                           	
   640  076F                     l1829:	
   641                           ;KEYPAD.c: 79: {
   642                           ;KEYPAD.c: 80: lcd_data('2');
   643  076F  3032               	movlw	(032h)
   644  0770  120A  118A  2686   	fcall	_lcd_data
              120A  118A         
   645                           	line	81
   646                           ;KEYPAD.c: 81: while(RC4==1);
   647  0775  2F76               	goto	l593
   648                           	
   649  0776                     l594:	
   650                           	
   651  0776                     l593:	
   652  0776  1283               	bcf	status, 5	;RP0=0, select bank0
   653  0777  1303               	bcf	status, 6	;RP1=0, select bank0
   654  0778  1A07               	btfsc	(60/8),(60)&7
   655  0779  2F7B               	goto	u2241
   656  077A  2F7C               	goto	u2240
   657  077B                     u2241:
   658  077B  2F76               	goto	l593
   659  077C                     u2240:
   660  077C  2F7D               	goto	l592
   661                           	
   662  077D                     l595:	
   663                           	line	82
   664                           	
   665  077D                     l592:	
   666                           	line	83
   667                           ;KEYPAD.c: 82: }
   668                           ;KEYPAD.c: 83: if(RC5==1)
   669  077D  1E87               	btfss	(61/8),(61)&7
   670  077E  2F80               	goto	u2251
   671  077F  2F81               	goto	u2250
   672  0780                     u2251:
   673  0780  2F8F               	goto	l596
   674  0781                     u2250:
   675                           	line	85
   676                           	
   677  0781                     l1831:	
   678                           ;KEYPAD.c: 84: {
   679                           ;KEYPAD.c: 85: lcd_data('5');
   680  0781  3035               	movlw	(035h)
   681  0782  120A  118A  2686   	fcall	_lcd_data
              120A  118A         
   682                           	line	86
   683                           ;KEYPAD.c: 86: while(RC5==1);
   684  0787  2F88               	goto	l597
   685                           	
   686  0788                     l598:	
   687                           	
   688  0788                     l597:	
   689  0788  1283               	bcf	status, 5	;RP0=0, select bank0
   690  0789  1303               	bcf	status, 6	;RP1=0, select bank0
   691  078A  1A87               	btfsc	(61/8),(61)&7
   692  078B  2F8D               	goto	u2261
   693  078C  2F8E               	goto	u2260
   694  078D                     u2261:
   695  078D  2F88               	goto	l597
   696  078E                     u2260:
   697  078E  2F8F               	goto	l596
   698                           	
   699  078F                     l599:	
   700                           	line	87
   701                           	
   702  078F                     l596:	
   703                           	line	88
   704                           ;KEYPAD.c: 87: }
   705                           ;KEYPAD.c: 88: if(RC6==1)
   706  078F  1F07               	btfss	(62/8),(62)&7
   707  0790  2F92               	goto	u2271
   708  0791  2F93               	goto	u2270
   709  0792                     u2271:
   710  0792  2FA1               	goto	l600
   711  0793                     u2270:
   712                           	line	90
   713                           	
   714  0793                     l1833:	
   715                           ;KEYPAD.c: 89: {
   716                           ;KEYPAD.c: 90: lcd_data('8');
   717  0793  3038               	movlw	(038h)
   718  0794  120A  118A  2686   	fcall	_lcd_data
              120A  118A         
   719                           	line	91
   720                           ;KEYPAD.c: 91: while(RC6==1);
   721  0799  2F9A               	goto	l601
   722                           	
   723  079A                     l602:	
   724                           	
   725  079A                     l601:	
   726  079A  1283               	bcf	status, 5	;RP0=0, select bank0
   727  079B  1303               	bcf	status, 6	;RP1=0, select bank0
   728  079C  1B07               	btfsc	(62/8),(62)&7
   729  079D  2F9F               	goto	u2281
   730  079E  2FA0               	goto	u2280
   731  079F                     u2281:
   732  079F  2F9A               	goto	l601
   733  07A0                     u2280:
   734  07A0  2FA1               	goto	l600
   735                           	
   736  07A1                     l603:	
   737                           	line	92
   738                           	
   739  07A1                     l600:	
   740                           	line	93
   741                           ;KEYPAD.c: 92: }
   742                           ;KEYPAD.c: 93: if(RC7==1)
   743  07A1  1F87               	btfss	(63/8),(63)&7
   744  07A2  2FA4               	goto	u2291
   745  07A3  2FA5               	goto	u2290
   746  07A4                     u2291:
   747  07A4  2FB3               	goto	l604
   748  07A5                     u2290:
   749                           	line	95
   750                           	
   751  07A5                     l1835:	
   752                           ;KEYPAD.c: 94: {
   753                           ;KEYPAD.c: 95: lcd_data('0');
   754  07A5  3030               	movlw	(030h)
   755  07A6  120A  118A  2686   	fcall	_lcd_data
              120A  118A         
   756                           	line	96
   757                           ;KEYPAD.c: 96: while(RC7==1);
   758  07AB  2FAC               	goto	l605
   759                           	
   760  07AC                     l606:	
   761                           	
   762  07AC                     l605:	
   763  07AC  1283               	bcf	status, 5	;RP0=0, select bank0
   764  07AD  1303               	bcf	status, 6	;RP1=0, select bank0
   765  07AE  1B87               	btfsc	(63/8),(63)&7
   766  07AF  2FB1               	goto	u2301
   767  07B0  2FB2               	goto	u2300
   768  07B1                     u2301:
   769  07B1  2FAC               	goto	l605
   770  07B2                     u2300:
   771  07B2  2FB3               	goto	l604
   772                           	
   773  07B3                     l607:	
   774                           	line	97
   775                           	
   776  07B3                     l604:	
   777                           	line	99
   778                           ;KEYPAD.c: 97: }
   779                           ;KEYPAD.c: 99: RD0=0;RD1=0;RD2=1;
   780  07B3  1008               	bcf	(64/8),(64)&7
   781  07B4  1088               	bcf	(65/8),(65)&7
   782  07B5  1508               	bsf	(66/8),(66)&7
   783                           	line	101
   784                           ;KEYPAD.c: 101: if(RC4==1)
   785  07B6  1E07               	btfss	(60/8),(60)&7
   786  07B7  2FB9               	goto	u2311
   787  07B8  2FBA               	goto	u2310
   788  07B9                     u2311:
   789  07B9  2FC8               	goto	l608
   790  07BA                     u2310:
   791                           	line	103
   792                           	
   793  07BA                     l1837:	
   794                           ;KEYPAD.c: 102: {
   795                           ;KEYPAD.c: 103: lcd_data('3');
   796  07BA  3033               	movlw	(033h)
   797  07BB  120A  118A  2686   	fcall	_lcd_data
              120A  118A         
   798                           	line	104
   799                           ;KEYPAD.c: 104: while(RC4==1);
   800  07C0  2FC1               	goto	l609
   801                           	
   802  07C1                     l610:	
   803                           	
   804  07C1                     l609:	
   805  07C1  1283               	bcf	status, 5	;RP0=0, select bank0
   806  07C2  1303               	bcf	status, 6	;RP1=0, select bank0
   807  07C3  1A07               	btfsc	(60/8),(60)&7
   808  07C4  2FC6               	goto	u2321
   809  07C5  2FC7               	goto	u2320
   810  07C6                     u2321:
   811  07C6  2FC1               	goto	l609
   812  07C7                     u2320:
   813  07C7  2FC8               	goto	l608
   814                           	
   815  07C8                     l611:	
   816                           	line	105
   817                           	
   818  07C8                     l608:	
   819                           	line	106
   820                           ;KEYPAD.c: 105: }
   821                           ;KEYPAD.c: 106: if(RC5==1)
   822  07C8  1E87               	btfss	(61/8),(61)&7
   823  07C9  2FCB               	goto	u2331
   824  07CA  2FCC               	goto	u2330
   825  07CB                     u2331:
   826  07CB  2FDA               	goto	l612
   827  07CC                     u2330:
   828                           	line	108
   829                           	
   830  07CC                     l1839:	
   831                           ;KEYPAD.c: 107: {
   832                           ;KEYPAD.c: 108: lcd_data('6');
   833  07CC  3036               	movlw	(036h)
   834  07CD  120A  118A  2686   	fcall	_lcd_data
              120A  118A         
   835                           	line	109
   836                           ;KEYPAD.c: 109: while(RC5==1);
   837  07D2  2FD3               	goto	l613
   838                           	
   839  07D3                     l614:	
   840                           	
   841  07D3                     l613:	
   842  07D3  1283               	bcf	status, 5	;RP0=0, select bank0
   843  07D4  1303               	bcf	status, 6	;RP1=0, select bank0
   844  07D5  1A87               	btfsc	(61/8),(61)&7
   845  07D6  2FD8               	goto	u2341
   846  07D7  2FD9               	goto	u2340
   847  07D8                     u2341:
   848  07D8  2FD3               	goto	l613
   849  07D9                     u2340:
   850  07D9  2FDA               	goto	l612
   851                           	
   852  07DA                     l615:	
   853                           	line	110
   854                           	
   855  07DA                     l612:	
   856                           	line	111
   857                           ;KEYPAD.c: 110: }
   858                           ;KEYPAD.c: 111: if(RC6==1)
   859  07DA  1F07               	btfss	(62/8),(62)&7
   860  07DB  2FDD               	goto	u2351
   861  07DC  2FDE               	goto	u2350
   862  07DD                     u2351:
   863  07DD  2FEC               	goto	l616
   864  07DE                     u2350:
   865                           	line	113
   866                           	
   867  07DE                     l1841:	
   868                           ;KEYPAD.c: 112: {
   869                           ;KEYPAD.c: 113: lcd_data('9');
   870  07DE  3039               	movlw	(039h)
   871  07DF  120A  118A  2686   	fcall	_lcd_data
              120A  118A         
   872                           	line	114
   873                           ;KEYPAD.c: 114: while(RC6==1);
   874  07E4  2FE5               	goto	l617
   875                           	
   876  07E5                     l618:	
   877                           	
   878  07E5                     l617:	
   879  07E5  1283               	bcf	status, 5	;RP0=0, select bank0
   880  07E6  1303               	bcf	status, 6	;RP1=0, select bank0
   881  07E7  1B07               	btfsc	(62/8),(62)&7
   882  07E8  2FEA               	goto	u2361
   883  07E9  2FEB               	goto	u2360
   884  07EA                     u2361:
   885  07EA  2FE5               	goto	l617
   886  07EB                     u2360:
   887  07EB  2FEC               	goto	l616
   888                           	
   889  07EC                     l619:	
   890                           	line	115
   891                           	
   892  07EC                     l616:	
   893                           	line	116
   894                           ;KEYPAD.c: 115: }
   895                           ;KEYPAD.c: 116: if(RC7 == 1)
   896  07EC  1F87               	btfss	(63/8),(63)&7
   897  07ED  2FEF               	goto	u2371
   898  07EE  2FF0               	goto	u2370
   899  07EF                     u2371:
   900  07EF  2FFF               	goto	l624
   901  07F0                     u2370:
   902                           	line	118
   903                           	
   904  07F0                     l1843:	
   905                           ;KEYPAD.c: 117: {
   906                           ;KEYPAD.c: 118: lcd_data('#');
   907  07F0  3023               	movlw	(023h)
   908  07F1  120A  118A  2686   	fcall	_lcd_data
              120A  118A         
   909                           	line	119
   910                           ;KEYPAD.c: 119: while(RC7==1);
   911  07F6  2FF7               	goto	l621
   912                           	
   913  07F7                     l622:	
   914                           	
   915  07F7                     l621:	
   916  07F7  1283               	bcf	status, 5	;RP0=0, select bank0
   917  07F8  1303               	bcf	status, 6	;RP1=0, select bank0
   918  07F9  1B87               	btfsc	(63/8),(63)&7
   919  07FA  2FFC               	goto	u2381
   920  07FB  2FFD               	goto	u2380
   921  07FC                     u2381:
   922  07FC  2FF7               	goto	l621
   923  07FD                     u2380:
   924  07FD  2FFF               	goto	l624
   925                           	
   926  07FE                     l623:	
   927  07FE  2FFF               	goto	l624
   928                           	line	120
   929                           	
   930  07FF                     l620:	
   931                           	line	121
   932                           	
   933  07FF                     l624:	
   934  07FF  0008               	return
   935                           	opt stack 0
   936                           GLOBAL	__end_of_keypad
   937  0800                     	__end_of_keypad:
   938 ;; =============== function _keypad ends ============
   939                           
   940                           	signat	_keypad,88
   941                           	global	_init
   942                           psect	text98,local,class=CODE,delta=2
   943                           global __ptext98
   944  06AE                     __ptext98:
   945                           
   946 ;; *************** function _init *****************
   947 ;; Defined at:
   948 ;;		line 46 in file "D:\Microchip\MY_PROJECTS\Keypad_interfacing\KEYPAD.c"
   949 ;; Parameters:    Size  Location     Type
   950 ;;		None
   951 ;; Auto vars:     Size  Location     Type
   952 ;;		None
   953 ;; Return value:  Size  Location     Type
   954 ;;		None               void
   955 ;; Registers used:
   956 ;;		wreg, status,2, status,0, pclath, cstack
   957 ;; Tracked objects:
   958 ;;		On entry : 0/0
   959 ;;		On exit  : 0/0
   960 ;;		Unchanged: 0/0
   961 ;; Data sizes:     COMMON   BANK0   BANK1   BANK3   BANK2
   962 ;;      Params:         0       0       0       0       0
   963 ;;      Locals:         0       0       0       0       0
   964 ;;      Temps:          0       0       0       0       0
   965 ;;      Totals:         0       0       0       0       0
   966 ;;Total ram usage:        0 bytes
   967 ;; Hardware stack levels used:    1
   968 ;; Hardware stack levels required when called:    1
   969 ;; This function calls:
   970 ;;		_lcd_cmd
   971 ;; This function is called by:
   972 ;;		_main
   973 ;; This function uses a non-reentrant model
   974 ;;
   975                           psect	text98
   976                           	file	"D:\Microchip\MY_PROJECTS\Keypad_interfacing\KEYPAD.c"
   977                           	line	46
   978                           	global	__size_of_init
   979  0019                     	__size_of_init	equ	__end_of_init-_init
   980                           	
   981  06AE                     _init:	
   982                           	opt	stack 6
   983                           ; Regs used in _init: [wreg+status,2+status,0+pclath+cstack]
   984                           	line	47
   985                           	
   986  06AE                     l1817:	
   987                           ;KEYPAD.c: 47: lcd_cmd(0x38);
   988  06AE  3038               	movlw	(038h)
   989  06AF  120A  118A  269A   	fcall	_lcd_cmd
              120A  118A         
   990                           	line	48
   991                           ;KEYPAD.c: 48: lcd_cmd(0x06);
   992  06B4  3006               	movlw	(06h)
   993  06B5  120A  118A  269A   	fcall	_lcd_cmd
              120A  118A         
   994                           	line	49
   995                           ;KEYPAD.c: 49: lcd_cmd(0x0c);
   996  06BA  300C               	movlw	(0Ch)
   997  06BB  120A  118A  269A   	fcall	_lcd_cmd
              120A  118A         
   998                           	line	50
   999                           ;KEYPAD.c: 50: lcd_cmd(0x01);
  1000  06C0  3001               	movlw	(01h)
  1001  06C1  120A  118A  269A   	fcall	_lcd_cmd
              120A  118A         
  1002                           	line	51
  1003                           	
  1004  06C6                     l573:	
  1005  06C6  0008               	return
  1006                           	opt stack 0
  1007                           GLOBAL	__end_of_init
  1008  06C7                     	__end_of_init:
  1009 ;; =============== function _init ends ============
  1010                           
  1011                           	signat	_init,88
  1012                           	global	_lcd_string
  1013                           psect	text99,local,class=CODE,delta=2
  1014                           global __ptext99
  1015  06C7                     __ptext99:
  1016                           
  1017 ;; *************** function _lcd_string *****************
  1018 ;; Defined at:
  1019 ;;		line 38 in file "D:\Microchip\MY_PROJECTS\Keypad_interfacing\KEYPAD.c"
  1020 ;; Parameters:    Size  Location     Type
  1021 ;;  string          1    wreg     PTR const unsigned char 
  1022 ;;		 -> STR_1(13), 
  1023 ;;  length          1    3[COMMON] unsigned char 
  1024 ;; Auto vars:     Size  Location     Type
  1025 ;;  string          1    5[COMMON] PTR const unsigned char 
  1026 ;;		 -> STR_1(13), 
  1027 ;;  i               1    6[COMMON] unsigned char 
  1028 ;; Return value:  Size  Location     Type
  1029 ;;		None               void
  1030 ;; Registers used:
  1031 ;;		wreg, fsr0l, fsr0h, status,2, status,0, pclath, cstack
  1032 ;; Tracked objects:
  1033 ;;		On entry : 0/0
  1034 ;;		On exit  : 0/0
  1035 ;;		Unchanged: 0/0
  1036 ;; Data sizes:     COMMON   BANK0   BANK1   BANK3   BANK2
  1037 ;;      Params:         1       0       0       0       0
  1038 ;;      Locals:         2       0       0       0       0
  1039 ;;      Temps:          1       0       0       0       0
  1040 ;;      Totals:         4       0       0       0       0
  1041 ;;Total ram usage:        4 bytes
  1042 ;; Hardware stack levels used:    1
  1043 ;; Hardware stack levels required when called:    1
  1044 ;; This function calls:
  1045 ;;		_lcd_data
  1046 ;; This function is called by:
  1047 ;;		_main
  1048 ;; This function uses a non-reentrant model
  1049 ;;
  1050                           psect	text99
  1051                           	file	"D:\Microchip\MY_PROJECTS\Keypad_interfacing\KEYPAD.c"
  1052                           	line	38
  1053                           	global	__size_of_lcd_string
  1054  0021                     	__size_of_lcd_string	equ	__end_of_lcd_string-_lcd_string
  1055                           	
  1056  06C7                     _lcd_string:	
  1057                           	opt	stack 6
  1058                           ; Regs used in _lcd_string: [wreg-fsr0h+status,2+status,0+pclath+cstack]
  1059                           ;lcd_string@string stored from wreg
  1060                           	line	40
  1061  06C7  00F5               	movwf	(lcd_string@string)
  1062                           	
  1063  06C8                     l1809:	
  1064                           ;KEYPAD.c: 39: unsigned char i;
  1065                           ;KEYPAD.c: 40: for(i = 0;i<length;i++)
  1066  06C8  1003               	clrc
  1067  06C9  3000               	movlw	0
  1068  06CA  1803               	btfsc	status,0
  1069  06CB  3001               	movlw	1
  1070  06CC  00F6               	movwf	(lcd_string@i)
  1071  06CD  2EE0               	goto	l1815
  1072                           	line	41
  1073                           	
  1074  06CE                     l568:	
  1075                           	line	42
  1076                           	
  1077  06CE                     l1811:	
  1078                           ;KEYPAD.c: 41: {
  1079                           ;KEYPAD.c: 42: lcd_data(string[i]);
  1080  06CE  0876               	movf	(lcd_string@i),w
  1081  06CF  0775               	addwf	(lcd_string@string),w
  1082  06D0  0084               	movwf	fsr0
  1083  06D1  120A  118A  2003   	fcall	stringdir
              120A  118A         
  1084  06D6  120A  118A  2686   	fcall	_lcd_data
              120A  118A         
  1085                           	line	40
  1086                           	
  1087  06DB                     l1813:	
  1088  06DB  3001               	movlw	(01h)
  1089  06DC  00F4               	movwf	(??_lcd_string+0)+0
  1090  06DD  0874               	movf	(??_lcd_string+0)+0,w
  1091  06DE  07F6               	addwf	(lcd_string@i),f
  1092  06DF  2EE0               	goto	l1815
  1093                           	
  1094  06E0                     l567:	
  1095                           	
  1096  06E0                     l1815:	
  1097  06E0  0873               	movf	(lcd_string@length),w
  1098  06E1  0276               	subwf	(lcd_string@i),w
  1099  06E2  1C03               	skipc
  1100  06E3  2EE5               	goto	u2141
  1101  06E4  2EE6               	goto	u2140
  1102  06E5                     u2141:
  1103  06E5  2ECE               	goto	l1811
  1104  06E6                     u2140:
  1105  06E6  2EE7               	goto	l570
  1106                           	
  1107  06E7                     l569:	
  1108                           	line	44
  1109                           	
  1110  06E7                     l570:	
  1111  06E7  0008               	return
  1112                           	opt stack 0
  1113                           GLOBAL	__end_of_lcd_string
  1114  06E8                     	__end_of_lcd_string:
  1115 ;; =============== function _lcd_string ends ============
  1116                           
  1117                           	signat	_lcd_string,8312
  1118                           	global	_lcd_cmd
  1119                           psect	text100,local,class=CODE,delta=2
  1120                           global __ptext100
  1121  069A                     __ptext100:
  1122                           
  1123 ;; *************** function _lcd_cmd *****************
  1124 ;; Defined at:
  1125 ;;		line 28 in file "D:\Microchip\MY_PROJECTS\Keypad_interfacing\KEYPAD.c"
  1126 ;; Parameters:    Size  Location     Type
  1127 ;;  cmd             1    wreg     unsigned char 
  1128 ;; Auto vars:     Size  Location     Type
  1129 ;;  cmd             1    2[COMMON] unsigned char 
  1130 ;; Return value:  Size  Location     Type
  1131 ;;		None               void
  1132 ;; Registers used:
  1133 ;;		wreg
  1134 ;; Tracked objects:
  1135 ;;		On entry : 0/0
  1136 ;;		On exit  : 0/0
  1137 ;;		Unchanged: 0/0
  1138 ;; Data sizes:     COMMON   BANK0   BANK1   BANK3   BANK2
  1139 ;;      Params:         0       0       0       0       0
  1140 ;;      Locals:         1       0       0       0       0
  1141 ;;      Temps:          2       0       0       0       0
  1142 ;;      Totals:         3       0       0       0       0
  1143 ;;Total ram usage:        3 bytes
  1144 ;; Hardware stack levels used:    1
  1145 ;; This function calls:
  1146 ;;		Nothing
  1147 ;; This function is called by:
  1148 ;;		_init
  1149 ;;		_main
  1150 ;; This function uses a non-reentrant model
  1151 ;;
  1152                           psect	text100
  1153                           	file	"D:\Microchip\MY_PROJECTS\Keypad_interfacing\KEYPAD.c"
  1154                           	line	28
  1155                           	global	__size_of_lcd_cmd
  1156  0014                     	__size_of_lcd_cmd	equ	__end_of_lcd_cmd-_lcd_cmd
  1157                           	
  1158  069A                     _lcd_cmd:	
  1159                           	opt	stack 7
  1160                           ; Regs used in _lcd_cmd: [wreg]
  1161                           ;lcd_cmd@cmd stored from wreg
  1162  069A  00F2               	movwf	(lcd_cmd@cmd)
  1163                           	line	29
  1164                           	
  1165  069B                     l1799:	
  1166                           ;KEYPAD.c: 29: PORTB = cmd;
  1167  069B  0872               	movf	(lcd_cmd@cmd),w
  1168  069C  1283               	bcf	status, 5	;RP0=0, select bank0
  1169  069D  1303               	bcf	status, 6	;RP1=0, select bank0
  1170  069E  0086               	movwf	(6)	;volatile
  1171                           	line	30
  1172                           	
  1173  069F                     l1801:	
  1174                           ;KEYPAD.c: 30: RC1 = 0;
  1175  069F  1087               	bcf	(57/8),(57)&7
  1176                           	line	31
  1177                           	
  1178  06A0                     l1803:	
  1179                           ;KEYPAD.c: 31: RC0 = 0;
  1180  06A0  1007               	bcf	(56/8),(56)&7
  1181                           	line	32
  1182                           	
  1183  06A1                     l1805:	
  1184                           ;KEYPAD.c: 32: RC2 = 1;
  1185  06A1  1507               	bsf	(58/8),(58)&7
  1186                           	line	33
  1187                           ;KEYPAD.c: 33: _delay((unsigned long)((50)*(10000000/4000.0)));
  1188                           	opt asmopt_off
  1189  06A2  30A3               movlw	163
  1190  06A3  00F1               movwf	((??_lcd_cmd+0)+0+1),f
  1191  06A4  3055               	movlw	85
  1192  06A5  00F0               movwf	((??_lcd_cmd+0)+0),f
  1193  06A6                     u2397:
  1194  06A6  0BF0               	decfsz	((??_lcd_cmd+0)+0),f
  1195  06A7  2EA6               	goto	u2397
  1196  06A8  0BF1               	decfsz	((??_lcd_cmd+0)+0+1),f
  1197  06A9  2EA6               	goto	u2397
  1198                           opt asmopt_on
  1199                           
  1200                           	line	34
  1201                           	
  1202  06AA                     l1807:	
  1203                           ;KEYPAD.c: 34: RC2 = 0;
  1204  06AA  1283               	bcf	status, 5	;RP0=0, select bank0
  1205  06AB  1303               	bcf	status, 6	;RP1=0, select bank0
  1206  06AC  1107               	bcf	(58/8),(58)&7
  1207                           	line	35
  1208                           	
  1209  06AD                     l564:	
  1210  06AD  0008               	return
  1211                           	opt stack 0
  1212                           GLOBAL	__end_of_lcd_cmd
  1213  06AE                     	__end_of_lcd_cmd:
  1214 ;; =============== function _lcd_cmd ends ============
  1215                           
  1216                           	signat	_lcd_cmd,4216
  1217                           	global	_lcd_data
  1218                           psect	text101,local,class=CODE,delta=2
  1219                           global __ptext101
  1220  0686                     __ptext101:
  1221                           
  1222 ;; *************** function _lcd_data *****************
  1223 ;; Defined at:
  1224 ;;		line 17 in file "D:\Microchip\MY_PROJECTS\Keypad_interfacing\KEYPAD.c"
  1225 ;; Parameters:    Size  Location     Type
  1226 ;;  data            1    wreg     unsigned char 
  1227 ;; Auto vars:     Size  Location     Type
  1228 ;;  data            1    2[COMMON] unsigned char 
  1229 ;; Return value:  Size  Location     Type
  1230 ;;		None               void
  1231 ;; Registers used:
  1232 ;;		wreg
  1233 ;; Tracked objects:
  1234 ;;		On entry : 0/0
  1235 ;;		On exit  : 0/0
  1236 ;;		Unchanged: 0/0
  1237 ;; Data sizes:     COMMON   BANK0   BANK1   BANK3   BANK2
  1238 ;;      Params:         0       0       0       0       0
  1239 ;;      Locals:         1       0       0       0       0
  1240 ;;      Temps:          2       0       0       0       0
  1241 ;;      Totals:         3       0       0       0       0
  1242 ;;Total ram usage:        3 bytes
  1243 ;; Hardware stack levels used:    1
  1244 ;; This function calls:
  1245 ;;		Nothing
  1246 ;; This function is called by:
  1247 ;;		_lcd_string
  1248 ;;		_keypad
  1249 ;; This function uses a non-reentrant model
  1250 ;;
  1251                           psect	text101
  1252                           	file	"D:\Microchip\MY_PROJECTS\Keypad_interfacing\KEYPAD.c"
  1253                           	line	17
  1254                           	global	__size_of_lcd_data
  1255  0014                     	__size_of_lcd_data	equ	__end_of_lcd_data-_lcd_data
  1256                           	
  1257  0686                     _lcd_data:	
  1258                           	opt	stack 6
  1259                           ; Regs used in _lcd_data: [wreg]
  1260                           ;lcd_data@data stored from wreg
  1261  0686  00F2               	movwf	(lcd_data@data)
  1262                           	line	18
  1263                           	
  1264  0687                     l1789:	
  1265                           ;KEYPAD.c: 18: PORTB = data;
  1266  0687  0872               	movf	(lcd_data@data),w
  1267  0688  1283               	bcf	status, 5	;RP0=0, select bank0
  1268  0689  1303               	bcf	status, 6	;RP1=0, select bank0
  1269  068A  0086               	movwf	(6)	;volatile
  1270                           	line	19
  1271                           	
  1272  068B                     l1791:	
  1273                           ;KEYPAD.c: 19: RC1 = 0;
  1274  068B  1087               	bcf	(57/8),(57)&7
  1275                           	line	20
  1276                           	
  1277  068C                     l1793:	
  1278                           ;KEYPAD.c: 20: RC0 = 1;
  1279  068C  1407               	bsf	(56/8),(56)&7
  1280                           	line	21
  1281                           	
  1282  068D                     l1795:	
  1283                           ;KEYPAD.c: 21: RC2 = 1;
  1284  068D  1507               	bsf	(58/8),(58)&7
  1285                           	line	22
  1286                           ;KEYPAD.c: 22: _delay((unsigned long)((50)*(10000000/4000.0)));
  1287                           	opt asmopt_off
  1288  068E  30A3               movlw	163
  1289  068F  00F1               movwf	((??_lcd_data+0)+0+1),f
  1290  0690  3055               	movlw	85
  1291  0691  00F0               movwf	((??_lcd_data+0)+0),f
  1292  0692                     u2407:
  1293  0692  0BF0               	decfsz	((??_lcd_data+0)+0),f
  1294  0693  2E92               	goto	u2407
  1295  0694  0BF1               	decfsz	((??_lcd_data+0)+0+1),f
  1296  0695  2E92               	goto	u2407
  1297                           opt asmopt_on
  1298                           
  1299                           	line	23
  1300                           	
  1301  0696                     l1797:	
  1302                           ;KEYPAD.c: 23: RC2 = 0;
  1303  0696  1283               	bcf	status, 5	;RP0=0, select bank0
  1304  0697  1303               	bcf	status, 6	;RP1=0, select bank0
  1305  0698  1107               	bcf	(58/8),(58)&7
  1306                           	line	25
  1307                           	
  1308  0699                     l561:	
  1309  0699  0008               	return
  1310                           	opt stack 0
  1311                           GLOBAL	__end_of_lcd_data
  1312  069A                     	__end_of_lcd_data:
  1313 ;; =============== function _lcd_data ends ============
  1314                           
  1315                           	signat	_lcd_data,4216
  1316                           psect	text102,local,class=CODE,delta=2
  1317                           global __ptext102
  1318  0000                     __ptext102:
  1319                           	global	btemp
  1320  007E                     	btemp set 07Eh
  1321                           
  1322                           	DABS	1,126,2	;btemp
  1323                           	global	wtemp0
  1324  007E                     	wtemp0 set btemp


HI-TECH Software PICC Macro Assembler V9.80 build 6738 
Symbol Table                                                                                   Fri Feb 23 15:45:04 2024

                   pc 0002          lcd_data@data 0072                    fsr 0004                   l600 07A1  
                 l601 079A                   l610 07C1                   l602 079A                   l611 07C8  
                 l603 07A1                   l620 07FF                   l612 07DA                   l604 07B3  
                 l621 07F7                   l613 07D3                   l605 07AC                   l622 07F7  
                 l614 07D3                   l606 07AC                   l630 0718                   l623 07FE  
                 l615 07DA                   l607 07B3                   l624 07FF                   l616 07EC  
                 l608 07C8                   l561 0699                   l617 07E5                   l609 07C1  
                 l570 06E7                   l618 07E5                   l619 07EC                   l627 0711  
                 l564 06AD                   l580 0744                   l628 0717                   l573 06C6  
                 l581 073D                   l629 0718                   l590 0761                   l582 073D  
                 l567 06E0                   l591 0768                   l583 0744                   l568 06CE  
                 l592 077D                   l584 0756                   l576 0732                   l569 06E7  
                 l593 0776                   l585 074F                   l577 072B                   l594 0776  
                 l586 074F                   l578 072B                   l595 077D                   l587 0756  
                 l579 0732                   l596 078F                   l588 0768                   l597 0788  
                 l589 0761                   l598 0788                   l599 078F                   _RC0 0038  
                 _RC1 0039                   _RD0 0040                   _RC2 003A                   _RD1 0041  
                 _RD2 0042                   _RC4 003C                   _RC5 003D                   _RC6 003E  
                 _RC7 003F                   fsr0 0004                  l1801 069F                  l1803 06A0  
                l1811 06CE                  l1805 06A1                  l1813 06DB                  l1821 0724  
                l1807 06AA                  l1815 06E0                  l1831 0781                  l1823 0736  
                l1809 06C8                  l1817 06AE                  l1841 07DE                  l1833 0793  
                l1825 0748                  l1843 07F0                  l1835 07A5                  l1827 075A  
                l1819 071B                  l1851 06F5                  l1837 07BA                  l1829 076F  
                l1853 06FA                  l1845 06E8                  l1791 068B                  l1839 07CC  
                l1855 0700                  l1847 06ED                  l1793 068C                  l1857 070A  
                l1849 06F3                  l1795 068D                  l1859 0711                  l1797 0696  
                l1789 0687                  l1799 069B                  STR_1 0009                  u2200 0755  
                u2201 0754                  u2210 075A                  u2211 0759                  u2140 06E6  
                u2300 07B2                  u2220 0767                  u2141 06E5                  u2301 07B1  
                u2221 0766                  u2310 07BA                  u2230 076F                  u2150 0724  
                u2311 07B9                  u2231 076E                  u2151 0723                  u2320 07C7  
                u2240 077C                  u2160 0731                  u2321 07C6                  u2241 077B  
                u2161 0730                  u2330 07CC                  u2250 0781                  u2170 0736  
                u2331 07CB                  u2251 0780                  u2171 0735                  u2340 07D9  
                u2260 078E                  u2180 0743                  u2341 07D8                  u2261 078D  
                u2181 0742                  u2350 07DE                  u2270 0793                  u2190 0748  
                u2407 0692                  u2351 07DD                  u2271 0792                  u2191 0747  
                u2360 07EB                  u2280 07A0                  u2361 07EA                  u2281 079F  
                u2370 07F0                  u2290 07A5                  u2371 07EF                  u2291 07A4  
                u2380 07FD                  u2381 07FC                  u2397 06A6                  _main 06E8  
                _init 06AE                  btemp 007E                  start 0000           lcd_string@i 0076  
               ?_main 0070                 ?_init 0070                 _PORTB 0006                 _PORTD 0008  
               _TRISB 0086                 _TRISC 0087       __end_of_lcd_cmd 06AE                 pclath 000A  
               status 0003                 wtemp0 007E          __end_of_main 071B          __end_of_init 06C7  
              ??_main 0077                ??_init 0073                _TRISD0 0440                _TRISD1 0441  
              _TRISD2 0442      __end_of_lcd_data 069A                _keypad 071B             ??_lcd_cmd 0070  
      __pcstackCOMMON 0070            __pmaintext 06E8               ?_keypad 0070             ?_lcd_data 0070  
          _lcd_string 06C7       __size_of_keypad 00E5               _lcd_cmd 069A            ??_lcd_data 0070  
end_of_initialization 0682            lcd_cmd@cmd 0072           ?_lcd_string 0073        __end_of_keypad 0800  
 start_initialization 0682   __size_of_lcd_string 0021              ??_keypad 0073     __size_of_lcd_data 0014  
           __ptext100 069A             __ptext101 0686             __ptext102 0000             __pstrings 0003  
            ?_lcd_cmd 0070           __stringbase 0008          ??_lcd_string 0074    __end_of_lcd_string 06E8  
    __size_of_lcd_cmd 0014              __ptext96 0000              __ptext97 071B              __ptext98 06AE  
            __ptext99 06C7              _lcd_data 0686         __size_of_main 0033         __size_of_init 0019  
           stringcode 0003              stringdir 0003              stringtab 0003      lcd_string@length 0073  
    lcd_string@string 0075  
